<?xml version="1.0" encoding="UTF-8"?>
<testsuite name="TestSuite" time="0.109" tests="40" errors="0" skipped="0" failures="40">
  <properties>
[...]
</properties>
  <testcase name="borrarAvanzadoTest on borrarAvanzadoTest(com.example.service.CalculateSimpleTest)" classname="com.example.service.CalculateSimpleTest" time="0.063">
    <failure message="org/openqa/selenium/remote/SessionNotFoundException" type="java.lang.NoClassDefFoundError">java.lang.NoClassDefFoundError: org/openqa/selenium/remote/SessionNotFoundException
	at java.net.URLClassLoader.findClass(URLClassLoader.java:381)
	at java.lang.ClassLoader.loadClass(ClassLoader.java:424)
	at sun.misc.Launcher$AppClassLoader.loadClass(Launcher.java:331)
	at java.lang.ClassLoader.loadClass(ClassLoader.java:357)
	at com.example.service.CalculateSimpleTest.setUp(CalculateSimpleTest.java:33)
</failure>
    <system-out><![CDATA[Configuring TestNG with: TestNG652Configurator
Usage: <main class> [options] The XML suite files to run
  Options:
    -configfailurepolicy               Configuration failure policy (skip or
                                       continue)
    -d                                 Output directory
    -dataproviderthreadcount           Number of threads to use when running
                                       data providers
    -excludegroups                     Comma-separated list of group names to 
                                       exclude
    -groups                            Comma-separated list of group names to be
                                       run
    -junit                             JUnit mode
                                       Default: false
    -listener                          List of .class files or list of class
                                       names implementing ITestListener or
                                       ISuiteListener
    -methods                           Comma separated of test methods
                                       Default: []
    -methodselectors                   List of .class files or list of class
                                       names implementing IMethodSelector
    -mixed                             Mixed mode - autodetect the type of
                                       current test and run it with appropriate runner
                                       Default: false
    -objectfactory                     List of .class files or list of class
                                       names implementing ITestRunnerFactory
    -parallel                          Parallel mode (methods, tests or classes)
    -port                              The port
    -reporter                          Extended configuration for custom report
                                       listener
    -suitename                         Default name of test suite, if not
                                       specified in suite definition file or source code
    -suitethreadpoolsize               Size of the thread pool to use to run
                                       suites
                                       Default: 1
    -testclass                         The list of test classes
    -testjar                           A jar file containing the tests
    -testname                          Default name of test, if not specified in
                                       suitedefinition file or source code
    -testnames                         The list of test names to run
    -testrunfactory, -testRunFactory   The factory used to create tests
    -threadcount                       Number of threads to use when running
                                       tests in parallel
    -usedefaultlisteners               Whether to use the default listeners
                                       Default: true
    -log, -verbose                     Level of verbosity
    -xmlpathinjar                      The full path to the xml file inside the
                                       jar file (only valid if -testjar was
                                       specified)
                                       Default: testng.xml

Configuring TestNG with: TestNG652Configurator
]]></system-out>
    <system-err><![CDATA[[TestNG] [ERROR] No test suite found. Nothing to run
]]></system-err>
  </testcase>
  <testcase name="borrarAvanzadoTest on borrarAvanzadoTest(com.example.service.CalculateSimpleTest)" classname="com.example.service.CalculateSimpleTest" time="0.063">
    <failure type="java.lang.NullPointerException:">java.lang.NullPointerException: null
	at com.example.service.CalculateSimpleTest.tearDown(CalculateSimpleTest.java:206)
</failure>
  </testcase>
  <testcase name="restarTest on restarTest(com.example.service.CalculateSimpleTest)" classname="com.example.service.CalculateSimpleTest" time="0">
    <failure message="org/openqa/selenium/remote/SessionNotFoundException" type="java.lang.NoClassDefFoundError">java.lang.NoClassDefFoundError: org/openqa/selenium/remote/SessionNotFoundException
	at java.net.URLClassLoader.findClass(URLClassLoader.java:381)
	at java.lang.ClassLoader.loadClass(ClassLoader.java:424)
	at sun.misc.Launcher$AppClassLoader.loadClass(Launcher.java:331)
	at java.lang.ClassLoader.loadClass(ClassLoader.java:357)
	at com.example.service.CalculateSimpleTest.setUp(CalculateSimpleTest.java:33)
</failure>
  </testcase>
  <testcase name="restarTest on restarTest(com.example.service.CalculateSimpleTest)" classname="com.example.service.CalculateSimpleTest" time="0">
    <failure type="java.lang.NullPointerException:">java.lang.NullPointerException: null
	at com.example.service.CalculateSimpleTest.tearDown(CalculateSimpleTest.java:206)
</failure>
  </testcase>
  <testcase name="sumaTest on sumaTest(com.example.service.CalculateSimpleTest)" classname="com.example.service.CalculateSimpleTest" time="0">
    <failure message="org/openqa/selenium/remote/SessionNotFoundException" type="java.lang.NoClassDefFoundError">java.lang.NoClassDefFoundError: org/openqa/selenium/remote/SessionNotFoundException
	at java.net.URLClassLoader.findClass(URLClassLoader.java:381)
	at java.lang.ClassLoader.loadClass(ClassLoader.java:424)
	at sun.misc.Launcher$AppClassLoader.loadClass(Launcher.java:331)
	at java.lang.ClassLoader.loadClass(ClassLoader.java:357)
	at com.example.service.CalculateSimpleTest.setUp(CalculateSimpleTest.java:33)
</failure>
  </testcase>
  <testcase name="sumaTest on sumaTest(com.example.service.CalculateSimpleTest)" classname="com.example.service.CalculateSimpleTest" time="0">
    <failure type="java.lang.NullPointerException:">java.lang.NullPointerException: null
	at com.example.service.CalculateSimpleTest.tearDown(CalculateSimpleTest.java:206)
</failure>
  </testcase>
  <testcase name="dividirTest on dividirTest(com.example.service.CalculateSimpleTest)" classname="com.example.service.CalculateSimpleTest" time="0">
    <failure message="org/openqa/selenium/remote/SessionNotFoundException" type="java.lang.NoClassDefFoundError">java.lang.NoClassDefFoundError: org/openqa/selenium/remote/SessionNotFoundException
	at java.net.URLClassLoader.findClass(URLClassLoader.java:381)
	at java.lang.ClassLoader.loadClass(ClassLoader.java:424)
	at sun.misc.Launcher$AppClassLoader.loadClass(Launcher.java:331)
	at java.lang.ClassLoader.loadClass(ClassLoader.java:357)
	at com.example.service.CalculateSimpleTest.setUp(CalculateSimpleTest.java:33)
</failure>
  </testcase>
  <testcase name="dividirTest on dividirTest(com.example.service.CalculateSimpleTest)" classname="com.example.service.CalculateSimpleTest" time="0">
    <failure type="java.lang.NullPointerException:">java.lang.NullPointerException: null
	at com.example.service.CalculateSimpleTest.tearDown(CalculateSimpleTest.java:206)
</failure>
  </testcase>
  <testcase name="fiboTest on fiboTest(com.example.service.CalculateSimpleTest)" classname="com.example.service.CalculateSimpleTest" time="0.016">
    <failure message="org/openqa/selenium/remote/SessionNotFoundException" type="java.lang.NoClassDefFoundError">java.lang.NoClassDefFoundError: org/openqa/selenium/remote/SessionNotFoundException
	at java.net.URLClassLoader.findClass(URLClassLoader.java:381)
	at java.lang.ClassLoader.loadClass(ClassLoader.java:424)
	at sun.misc.Launcher$AppClassLoader.loadClass(Launcher.java:331)
	at java.lang.ClassLoader.loadClass(ClassLoader.java:357)
	at com.example.service.CalculateSimpleTest.setUp(CalculateSimpleTest.java:33)
</failure>
  </testcase>
  <testcase name="fiboTest on fiboTest(com.example.service.CalculateSimpleTest)" classname="com.example.service.CalculateSimpleTest" time="0.016">
    <failure type="java.lang.NullPointerException:">java.lang.NullPointerException: null
	at com.example.service.CalculateSimpleTest.tearDown(CalculateSimpleTest.java:206)
</failure>
  </testcase>
  <testcase name="multiplicarTest on multiplicarTest(com.example.service.CalculateSimpleTest)" classname="com.example.service.CalculateSimpleTest" time="0">
    <failure message="org/openqa/selenium/remote/SessionNotFoundException" type="java.lang.NoClassDefFoundError">java.lang.NoClassDefFoundError: org/openqa/selenium/remote/SessionNotFoundException
	at java.net.URLClassLoader.findClass(URLClassLoader.java:381)
	at java.lang.ClassLoader.loadClass(ClassLoader.java:424)
	at sun.misc.Launcher$AppClassLoader.loadClass(Launcher.java:331)
	at java.lang.ClassLoader.loadClass(ClassLoader.java:357)
	at com.example.service.CalculateSimpleTest.setUp(CalculateSimpleTest.java:33)
</failure>
  </testcase>
  <testcase name="multiplicarTest on multiplicarTest(com.example.service.CalculateSimpleTest)" classname="com.example.service.CalculateSimpleTest" time="0">
    <failure type="java.lang.NullPointerException:">java.lang.NullPointerException: null
	at com.example.service.CalculateSimpleTest.tearDown(CalculateSimpleTest.java:206)
</failure>
  </testcase>
  <testcase name="potenciaTest on potenciaTest(com.example.service.CalculateSimpleTest)" classname="com.example.service.CalculateSimpleTest" time="0">
    <failure message="org/openqa/selenium/remote/SessionNotFoundException" type="java.lang.NoClassDefFoundError">java.lang.NoClassDefFoundError: org/openqa/selenium/remote/SessionNotFoundException
	at java.net.URLClassLoader.findClass(URLClassLoader.java:381)
	at java.lang.ClassLoader.loadClass(ClassLoader.java:424)
	at sun.misc.Launcher$AppClassLoader.loadClass(Launcher.java:331)
	at java.lang.ClassLoader.loadClass(ClassLoader.java:357)
	at com.example.service.CalculateSimpleTest.setUp(CalculateSimpleTest.java:33)
</failure>
  </testcase>
  <testcase name="potenciaTest on potenciaTest(com.example.service.CalculateSimpleTest)" classname="com.example.service.CalculateSimpleTest" time="0">
    <failure type="java.lang.NullPointerException:">java.lang.NullPointerException: null
	at com.example.service.CalculateSimpleTest.tearDown(CalculateSimpleTest.java:206)
</failure>
  </testcase>
  <testcase name="raizTest on raizTest(com.example.service.CalculateSimpleTest)" classname="com.example.service.CalculateSimpleTest" time="0">
    <failure message="org/openqa/selenium/remote/SessionNotFoundException" type="java.lang.NoClassDefFoundError">java.lang.NoClassDefFoundError: org/openqa/selenium/remote/SessionNotFoundException
	at java.net.URLClassLoader.findClass(URLClassLoader.java:381)
	at java.lang.ClassLoader.loadClass(ClassLoader.java:424)
	at sun.misc.Launcher$AppClassLoader.loadClass(Launcher.java:331)
	at java.lang.ClassLoader.loadClass(ClassLoader.java:357)
	at com.example.service.CalculateSimpleTest.setUp(CalculateSimpleTest.java:33)
</failure>
  </testcase>
  <testcase name="raizTest on raizTest(com.example.service.CalculateSimpleTest)" classname="com.example.service.CalculateSimpleTest" time="0">
    <failure type="java.lang.NullPointerException:">java.lang.NullPointerException: null
	at com.example.service.CalculateSimpleTest.tearDown(CalculateSimpleTest.java:206)
</failure>
  </testcase>
  <testcase name="factorialTest on factorialTest(com.example.service.CalculateSimpleTest)" classname="com.example.service.CalculateSimpleTest" time="0">
    <failure message="org/openqa/selenium/remote/SessionNotFoundException" type="java.lang.NoClassDefFoundError">java.lang.NoClassDefFoundError: org/openqa/selenium/remote/SessionNotFoundException
	at java.net.URLClassLoader.findClass(URLClassLoader.java:381)
	at java.lang.ClassLoader.loadClass(ClassLoader.java:424)
	at sun.misc.Launcher$AppClassLoader.loadClass(Launcher.java:331)
	at java.lang.ClassLoader.loadClass(ClassLoader.java:357)
	at com.example.service.CalculateSimpleTest.setUp(CalculateSimpleTest.java:33)
</failure>
  </testcase>
  <testcase name="factorialTest on factorialTest(com.example.service.CalculateSimpleTest)" classname="com.example.service.CalculateSimpleTest" time="0">
    <failure type="java.lang.NullPointerException:">java.lang.NullPointerException: null
	at com.example.service.CalculateSimpleTest.tearDown(CalculateSimpleTest.java:206)
</failure>
  </testcase>
  <testcase name="borrarTest on borrarTest(com.example.service.CalculateSimpleTest)" classname="com.example.service.CalculateSimpleTest" time="0.015">
    <failure message="org/openqa/selenium/remote/SessionNotFoundException" type="java.lang.NoClassDefFoundError">java.lang.NoClassDefFoundError: org/openqa/selenium/remote/SessionNotFoundException
	at java.net.URLClassLoader.findClass(URLClassLoader.java:381)
	at java.lang.ClassLoader.loadClass(ClassLoader.java:424)
	at sun.misc.Launcher$AppClassLoader.loadClass(Launcher.java:331)
	at java.lang.ClassLoader.loadClass(ClassLoader.java:357)
	at com.example.service.CalculateSimpleTest.setUp(CalculateSimpleTest.java:33)
</failure>
  </testcase>
  <testcase name="borrarTest on borrarTest(com.example.service.CalculateSimpleTest)" classname="com.example.service.CalculateSimpleTest" time="0.015">
    <failure type="java.lang.NullPointerException:">java.lang.NullPointerException: null
	at com.example.service.CalculateSimpleTest.tearDown(CalculateSimpleTest.java:206)
</failure>
  </testcase>
  <testcase name="borrarAvanzadoTest on borrarAvanzadoTest(com.example.service.CalculateSimpleNGTest)" classname="com.example.service.CalculateSimpleNGTest" time="0">
    <failure message="org/openqa/selenium/remote/SessionNotFoundException" type="java.lang.NoClassDefFoundError">java.lang.NoClassDefFoundError: org/openqa/selenium/remote/SessionNotFoundException
	at java.net.URLClassLoader.findClass(URLClassLoader.java:381)
	at java.lang.ClassLoader.loadClass(ClassLoader.java:424)
	at sun.misc.Launcher$AppClassLoader.loadClass(Launcher.java:331)
	at java.lang.ClassLoader.loadClass(ClassLoader.java:357)
	at com.example.service.CalculateSimpleNGTest.setUp(CalculateSimpleNGTest.java:33)
</failure>
  </testcase>
  <testcase name="borrarAvanzadoTest on borrarAvanzadoTest(com.example.service.CalculateSimpleNGTest)" classname="com.example.service.CalculateSimpleNGTest" time="0">
    <failure type="java.lang.NullPointerException:">java.lang.NullPointerException: null
	at com.example.service.CalculateSimpleNGTest.tearDown(CalculateSimpleNGTest.java:206)
</failure>
  </testcase>
  <testcase name="restarTest on restarTest(com.example.service.CalculateSimpleNGTest)" classname="com.example.service.CalculateSimpleNGTest" time="0">
    <failure message="org/openqa/selenium/remote/SessionNotFoundException" type="java.lang.NoClassDefFoundError">java.lang.NoClassDefFoundError: org/openqa/selenium/remote/SessionNotFoundException
	at java.net.URLClassLoader.findClass(URLClassLoader.java:381)
	at java.lang.ClassLoader.loadClass(ClassLoader.java:424)
	at sun.misc.Launcher$AppClassLoader.loadClass(Launcher.java:331)
	at java.lang.ClassLoader.loadClass(ClassLoader.java:357)
	at com.example.service.CalculateSimpleNGTest.setUp(CalculateSimpleNGTest.java:33)
</failure>
  </testcase>
  <testcase name="restarTest on restarTest(com.example.service.CalculateSimpleNGTest)" classname="com.example.service.CalculateSimpleNGTest" time="0">
    <failure type="java.lang.NullPointerException:">java.lang.NullPointerException: null
	at com.example.service.CalculateSimpleNGTest.tearDown(CalculateSimpleNGTest.java:206)
</failure>
  </testcase>
  <testcase name="sumaTest on sumaTest(com.example.service.CalculateSimpleNGTest)" classname="com.example.service.CalculateSimpleNGTest" time="0">
    <failure message="org/openqa/selenium/remote/SessionNotFoundException" type="java.lang.NoClassDefFoundError">java.lang.NoClassDefFoundError: org/openqa/selenium/remote/SessionNotFoundException
	at java.net.URLClassLoader.findClass(URLClassLoader.java:381)
	at java.lang.ClassLoader.loadClass(ClassLoader.java:424)
	at sun.misc.Launcher$AppClassLoader.loadClass(Launcher.java:331)
	at java.lang.ClassLoader.loadClass(ClassLoader.java:357)
	at com.example.service.CalculateSimpleNGTest.setUp(CalculateSimpleNGTest.java:33)
</failure>
  </testcase>
  <testcase name="sumaTest on sumaTest(com.example.service.CalculateSimpleNGTest)" classname="com.example.service.CalculateSimpleNGTest" time="0.016">
    <failure type="java.lang.NullPointerException:">java.lang.NullPointerException: null
	at com.example.service.CalculateSimpleNGTest.tearDown(CalculateSimpleNGTest.java:206)
</failure>
  </testcase>
  <testcase name="dividirTest on dividirTest(com.example.service.CalculateSimpleNGTest)" classname="com.example.service.CalculateSimpleNGTest" time="0">
    <failure message="org/openqa/selenium/remote/SessionNotFoundException" type="java.lang.NoClassDefFoundError">java.lang.NoClassDefFoundError: org/openqa/selenium/remote/SessionNotFoundException
	at java.net.URLClassLoader.findClass(URLClassLoader.java:381)
	at java.lang.ClassLoader.loadClass(ClassLoader.java:424)
	at sun.misc.Launcher$AppClassLoader.loadClass(Launcher.java:331)
	at java.lang.ClassLoader.loadClass(ClassLoader.java:357)
	at com.example.service.CalculateSimpleNGTest.setUp(CalculateSimpleNGTest.java:33)
</failure>
  </testcase>
  <testcase name="dividirTest on dividirTest(com.example.service.CalculateSimpleNGTest)" classname="com.example.service.CalculateSimpleNGTest" time="0">
    <failure type="java.lang.NullPointerException:">java.lang.NullPointerException: null
	at com.example.service.CalculateSimpleNGTest.tearDown(CalculateSimpleNGTest.java:206)
</failure>
  </testcase>
  <testcase name="fiboTest on fiboTest(com.example.service.CalculateSimpleNGTest)" classname="com.example.service.CalculateSimpleNGTest" time="0">
    <failure message="org/openqa/selenium/remote/SessionNotFoundException" type="java.lang.NoClassDefFoundError">java.lang.NoClassDefFoundError: org/openqa/selenium/remote/SessionNotFoundException
	at java.net.URLClassLoader.findClass(URLClassLoader.java:381)
	at java.lang.ClassLoader.loadClass(ClassLoader.java:424)
	at sun.misc.Launcher$AppClassLoader.loadClass(Launcher.java:331)
	at java.lang.ClassLoader.loadClass(ClassLoader.java:357)
	at com.example.service.CalculateSimpleNGTest.setUp(CalculateSimpleNGTest.java:33)
</failure>
  </testcase>
  <testcase name="fiboTest on fiboTest(com.example.service.CalculateSimpleNGTest)" classname="com.example.service.CalculateSimpleNGTest" time="0">
    <failure type="java.lang.NullPointerException:">java.lang.NullPointerException: null
	at com.example.service.CalculateSimpleNGTest.tearDown(CalculateSimpleNGTest.java:206)
</failure>
  </testcase>
  <testcase name="multiplicarTest on multiplicarTest(com.example.service.CalculateSimpleNGTest)" classname="com.example.service.CalculateSimpleNGTest" time="0">
    <failure message="org/openqa/selenium/remote/SessionNotFoundException" type="java.lang.NoClassDefFoundError">java.lang.NoClassDefFoundError: org/openqa/selenium/remote/SessionNotFoundException
	at java.net.URLClassLoader.findClass(URLClassLoader.java:381)
	at java.lang.ClassLoader.loadClass(ClassLoader.java:424)
	at sun.misc.Launcher$AppClassLoader.loadClass(Launcher.java:331)
	at java.lang.ClassLoader.loadClass(ClassLoader.java:357)
	at com.example.service.CalculateSimpleNGTest.setUp(CalculateSimpleNGTest.java:33)
</failure>
  </testcase>
  <testcase name="multiplicarTest on multiplicarTest(com.example.service.CalculateSimpleNGTest)" classname="com.example.service.CalculateSimpleNGTest" time="0">
    <failure type="java.lang.NullPointerException:">java.lang.NullPointerException: null
	at com.example.service.CalculateSimpleNGTest.tearDown(CalculateSimpleNGTest.java:206)
</failure>
  </testcase>
  <testcase name="potenciaTest on potenciaTest(com.example.service.CalculateSimpleNGTest)" classname="com.example.service.CalculateSimpleNGTest" time="0">
    <failure message="org/openqa/selenium/remote/SessionNotFoundException" type="java.lang.NoClassDefFoundError">java.lang.NoClassDefFoundError: org/openqa/selenium/remote/SessionNotFoundException
	at java.net.URLClassLoader.findClass(URLClassLoader.java:381)
	at java.lang.ClassLoader.loadClass(ClassLoader.java:424)
	at sun.misc.Launcher$AppClassLoader.loadClass(Launcher.java:331)
	at java.lang.ClassLoader.loadClass(ClassLoader.java:357)
	at com.example.service.CalculateSimpleNGTest.setUp(CalculateSimpleNGTest.java:33)
</failure>
  </testcase>
  <testcase name="potenciaTest on potenciaTest(com.example.service.CalculateSimpleNGTest)" classname="com.example.service.CalculateSimpleNGTest" time="0">
    <failure type="java.lang.NullPointerException:">java.lang.NullPointerException: null
	at com.example.service.CalculateSimpleNGTest.tearDown(CalculateSimpleNGTest.java:206)
</failure>
  </testcase>
  <testcase name="raizTest on raizTest(com.example.service.CalculateSimpleNGTest)" classname="com.example.service.CalculateSimpleNGTest" time="0">
    <failure message="org/openqa/selenium/remote/SessionNotFoundException" type="java.lang.NoClassDefFoundError">java.lang.NoClassDefFoundError: org/openqa/selenium/remote/SessionNotFoundException
	at java.net.URLClassLoader.findClass(URLClassLoader.java:381)
	at java.lang.ClassLoader.loadClass(ClassLoader.java:424)
	at sun.misc.Launcher$AppClassLoader.loadClass(Launcher.java:331)
	at java.lang.ClassLoader.loadClass(ClassLoader.java:357)
	at com.example.service.CalculateSimpleNGTest.setUp(CalculateSimpleNGTest.java:33)
</failure>
  </testcase>
  <testcase name="raizTest on raizTest(com.example.service.CalculateSimpleNGTest)" classname="com.example.service.CalculateSimpleNGTest" time="0">
    <failure type="java.lang.NullPointerException:">java.lang.NullPointerException: null
	at com.example.service.CalculateSimpleNGTest.tearDown(CalculateSimpleNGTest.java:206)
</failure>
  </testcase>
  <testcase name="factorialTest on factorialTest(com.example.service.CalculateSimpleNGTest)" classname="com.example.service.CalculateSimpleNGTest" time="0.015">
    <failure message="org/openqa/selenium/remote/SessionNotFoundException" type="java.lang.NoClassDefFoundError">java.lang.NoClassDefFoundError: org/openqa/selenium/remote/SessionNotFoundException
	at java.net.URLClassLoader.findClass(URLClassLoader.java:381)
	at java.lang.ClassLoader.loadClass(ClassLoader.java:424)
	at sun.misc.Launcher$AppClassLoader.loadClass(Launcher.java:331)
	at java.lang.ClassLoader.loadClass(ClassLoader.java:357)
	at com.example.service.CalculateSimpleNGTest.setUp(CalculateSimpleNGTest.java:33)
</failure>
  </testcase>
  <testcase name="factorialTest on factorialTest(com.example.service.CalculateSimpleNGTest)" classname="com.example.service.CalculateSimpleNGTest" time="0.015">
    <failure type="java.lang.NullPointerException:">java.lang.NullPointerException: null
	at com.example.service.CalculateSimpleNGTest.tearDown(CalculateSimpleNGTest.java:206)
</failure>
  </testcase>
  <testcase name="borrarTest on borrarTest(com.example.service.CalculateSimpleNGTest)" classname="com.example.service.CalculateSimpleNGTest" time="0">
    <failure message="org/openqa/selenium/remote/SessionNotFoundException" type="java.lang.NoClassDefFoundError">java.lang.NoClassDefFoundError: org/openqa/selenium/remote/SessionNotFoundException
	at java.net.URLClassLoader.findClass(URLClassLoader.java:381)
	at java.lang.ClassLoader.loadClass(ClassLoader.java:424)
	at sun.misc.Launcher$AppClassLoader.loadClass(Launcher.java:331)
	at java.lang.ClassLoader.loadClass(ClassLoader.java:357)
	at com.example.service.CalculateSimpleNGTest.setUp(CalculateSimpleNGTest.java:33)
</failure>
  </testcase>
  <testcase name="borrarTest on borrarTest(com.example.service.CalculateSimpleNGTest)" classname="com.example.service.CalculateSimpleNGTest" time="0">
    <failure type="java.lang.NullPointerException:">java.lang.NullPointerException: null
	at com.example.service.CalculateSimpleNGTest.tearDown(CalculateSimpleNGTest.java:206)
</failure>
  </testcase>
</testsuite>