<?xml version="1.0" encoding="UTF-8"?>
<testsuite name="com.example.service.CalculateSimpleTest" time="0.031" tests="20" errors="0" skipped="0" failures="20">
  <properties>
[...]
</properties>
  <testcase name="borrarAvanzadoTest on borrarAvanzadoTest(com.example.service.CalculateSimpleTest)" classname="com.example.service.CalculateSimpleTest" time="0.016">
    <failure message="org/openqa/selenium/remote/SessionNotFoundException" type="java.lang.NoClassDefFoundError">java.lang.NoClassDefFoundError: org/openqa/selenium/remote/SessionNotFoundException
	at java.net.URLClassLoader.findClass(URLClassLoader.java:381)
	at java.lang.ClassLoader.loadClass(ClassLoader.java:424)
	at sun.misc.Launcher$AppClassLoader.loadClass(Launcher.java:331)
	at java.lang.ClassLoader.loadClass(ClassLoader.java:357)
	at com.example.service.CalculateSimpleTest.setUp(CalculateSimpleTest.java:33)
</failure>
    <system-out><![CDATA[Configuring TestNG with: TestNG652Configurator
]]></system-out>
  </testcase>
  <testcase name="borrarAvanzadoTest on borrarAvanzadoTest(com.example.service.CalculateSimpleTest)" classname="com.example.service.CalculateSimpleTest" time="0.016">
    <failure type="java.lang.NullPointerException:">java.lang.NullPointerException: null
	at com.example.service.CalculateSimpleTest.tearDown(CalculateSimpleTest.java:206)
</failure>
  </testcase>
  <testcase name="restarTest on restarTest(com.example.service.CalculateSimpleTest)" classname="com.example.service.CalculateSimpleTest" time="0">
    <failure message="org/openqa/selenium/remote/SessionNotFoundException" type="java.lang.NoClassDefFoundError">java.lang.NoClassDefFoundError: org/openqa/selenium/remote/SessionNotFoundException
	at java.net.URLClassLoader.findClass(URLClassLoader.java:381)
	at java.lang.ClassLoader.loadClass(ClassLoader.java:424)
	at sun.misc.Launcher$AppClassLoader.loadClass(Launcher.java:331)
	at java.lang.ClassLoader.loadClass(ClassLoader.java:357)
	at com.example.service.CalculateSimpleTest.setUp(CalculateSimpleTest.java:33)
</failure>
  </testcase>
  <testcase name="restarTest on restarTest(com.example.service.CalculateSimpleTest)" classname="com.example.service.CalculateSimpleTest" time="0">
    <failure type="java.lang.NullPointerException:">java.lang.NullPointerException: null
	at com.example.service.CalculateSimpleTest.tearDown(CalculateSimpleTest.java:206)
</failure>
  </testcase>
  <testcase name="sumaTest on sumaTest(com.example.service.CalculateSimpleTest)" classname="com.example.service.CalculateSimpleTest" time="0">
    <failure message="org/openqa/selenium/remote/SessionNotFoundException" type="java.lang.NoClassDefFoundError">java.lang.NoClassDefFoundError: org/openqa/selenium/remote/SessionNotFoundException
	at java.net.URLClassLoader.findClass(URLClassLoader.java:381)
	at java.lang.ClassLoader.loadClass(ClassLoader.java:424)
	at sun.misc.Launcher$AppClassLoader.loadClass(Launcher.java:331)
	at java.lang.ClassLoader.loadClass(ClassLoader.java:357)
	at com.example.service.CalculateSimpleTest.setUp(CalculateSimpleTest.java:33)
</failure>
  </testcase>
  <testcase name="sumaTest on sumaTest(com.example.service.CalculateSimpleTest)" classname="com.example.service.CalculateSimpleTest" time="0">
    <failure type="java.lang.NullPointerException:">java.lang.NullPointerException: null
	at com.example.service.CalculateSimpleTest.tearDown(CalculateSimpleTest.java:206)
</failure>
  </testcase>
  <testcase name="dividirTest on dividirTest(com.example.service.CalculateSimpleTest)" classname="com.example.service.CalculateSimpleTest" time="0">
    <failure message="org/openqa/selenium/remote/SessionNotFoundException" type="java.lang.NoClassDefFoundError">java.lang.NoClassDefFoundError: org/openqa/selenium/remote/SessionNotFoundException
	at java.net.URLClassLoader.findClass(URLClassLoader.java:381)
	at java.lang.ClassLoader.loadClass(ClassLoader.java:424)
	at sun.misc.Launcher$AppClassLoader.loadClass(Launcher.java:331)
	at java.lang.ClassLoader.loadClass(ClassLoader.java:357)
	at com.example.service.CalculateSimpleTest.setUp(CalculateSimpleTest.java:33)
</failure>
  </testcase>
  <testcase name="dividirTest on dividirTest(com.example.service.CalculateSimpleTest)" classname="com.example.service.CalculateSimpleTest" time="0">
    <failure type="java.lang.NullPointerException:">java.lang.NullPointerException: null
	at com.example.service.CalculateSimpleTest.tearDown(CalculateSimpleTest.java:206)
</failure>
  </testcase>
  <testcase name="fiboTest on fiboTest(com.example.service.CalculateSimpleTest)" classname="com.example.service.CalculateSimpleTest" time="0.015">
    <failure message="org/openqa/selenium/remote/SessionNotFoundException" type="java.lang.NoClassDefFoundError">java.lang.NoClassDefFoundError: org/openqa/selenium/remote/SessionNotFoundException
	at java.net.URLClassLoader.findClass(URLClassLoader.java:381)
	at java.lang.ClassLoader.loadClass(ClassLoader.java:424)
	at sun.misc.Launcher$AppClassLoader.loadClass(Launcher.java:331)
	at java.lang.ClassLoader.loadClass(ClassLoader.java:357)
	at com.example.service.CalculateSimpleTest.setUp(CalculateSimpleTest.java:33)
</failure>
  </testcase>
  <testcase name="fiboTest on fiboTest(com.example.service.CalculateSimpleTest)" classname="com.example.service.CalculateSimpleTest" time="0.015">
    <failure type="java.lang.NullPointerException:">java.lang.NullPointerException: null
	at com.example.service.CalculateSimpleTest.tearDown(CalculateSimpleTest.java:206)
</failure>
  </testcase>
  <testcase name="multiplicarTest on multiplicarTest(com.example.service.CalculateSimpleTest)" classname="com.example.service.CalculateSimpleTest" time="0">
    <failure message="org/openqa/selenium/remote/SessionNotFoundException" type="java.lang.NoClassDefFoundError">java.lang.NoClassDefFoundError: org/openqa/selenium/remote/SessionNotFoundException
	at java.net.URLClassLoader.findClass(URLClassLoader.java:381)
	at java.lang.ClassLoader.loadClass(ClassLoader.java:424)
	at sun.misc.Launcher$AppClassLoader.loadClass(Launcher.java:331)
	at java.lang.ClassLoader.loadClass(ClassLoader.java:357)
	at com.example.service.CalculateSimpleTest.setUp(CalculateSimpleTest.java:33)
</failure>
  </testcase>
  <testcase name="multiplicarTest on multiplicarTest(com.example.service.CalculateSimpleTest)" classname="com.example.service.CalculateSimpleTest" time="0">
    <failure type="java.lang.NullPointerException:">java.lang.NullPointerException: null
	at com.example.service.CalculateSimpleTest.tearDown(CalculateSimpleTest.java:206)
</failure>
  </testcase>
  <testcase name="potenciaTest on potenciaTest(com.example.service.CalculateSimpleTest)" classname="com.example.service.CalculateSimpleTest" time="0">
    <failure message="org/openqa/selenium/remote/SessionNotFoundException" type="java.lang.NoClassDefFoundError">java.lang.NoClassDefFoundError: org/openqa/selenium/remote/SessionNotFoundException
	at java.net.URLClassLoader.findClass(URLClassLoader.java:381)
	at java.lang.ClassLoader.loadClass(ClassLoader.java:424)
	at sun.misc.Launcher$AppClassLoader.loadClass(Launcher.java:331)
	at java.lang.ClassLoader.loadClass(ClassLoader.java:357)
	at com.example.service.CalculateSimpleTest.setUp(CalculateSimpleTest.java:33)
</failure>
  </testcase>
  <testcase name="potenciaTest on potenciaTest(com.example.service.CalculateSimpleTest)" classname="com.example.service.CalculateSimpleTest" time="0">
    <failure type="java.lang.NullPointerException:">java.lang.NullPointerException: null
	at com.example.service.CalculateSimpleTest.tearDown(CalculateSimpleTest.java:206)
</failure>
  </testcase>
  <testcase name="raizTest on raizTest(com.example.service.CalculateSimpleTest)" classname="com.example.service.CalculateSimpleTest" time="0">
    <failure message="org/openqa/selenium/remote/SessionNotFoundException" type="java.lang.NoClassDefFoundError">java.lang.NoClassDefFoundError: org/openqa/selenium/remote/SessionNotFoundException
	at java.net.URLClassLoader.findClass(URLClassLoader.java:381)
	at java.lang.ClassLoader.loadClass(ClassLoader.java:424)
	at sun.misc.Launcher$AppClassLoader.loadClass(Launcher.java:331)
	at java.lang.ClassLoader.loadClass(ClassLoader.java:357)
	at com.example.service.CalculateSimpleTest.setUp(CalculateSimpleTest.java:33)
</failure>
  </testcase>
  <testcase name="raizTest on raizTest(com.example.service.CalculateSimpleTest)" classname="com.example.service.CalculateSimpleTest" time="0">
    <failure type="java.lang.NullPointerException:">java.lang.NullPointerException: null
	at com.example.service.CalculateSimpleTest.tearDown(CalculateSimpleTest.java:206)
</failure>
  </testcase>
  <testcase name="factorialTest on factorialTest(com.example.service.CalculateSimpleTest)" classname="com.example.service.CalculateSimpleTest" time="0">
    <failure message="org/openqa/selenium/remote/SessionNotFoundException" type="java.lang.NoClassDefFoundError">java.lang.NoClassDefFoundError: org/openqa/selenium/remote/SessionNotFoundException
	at java.net.URLClassLoader.findClass(URLClassLoader.java:381)
	at java.lang.ClassLoader.loadClass(ClassLoader.java:424)
	at sun.misc.Launcher$AppClassLoader.loadClass(Launcher.java:331)
	at java.lang.ClassLoader.loadClass(ClassLoader.java:357)
	at com.example.service.CalculateSimpleTest.setUp(CalculateSimpleTest.java:33)
</failure>
  </testcase>
  <testcase name="factorialTest on factorialTest(com.example.service.CalculateSimpleTest)" classname="com.example.service.CalculateSimpleTest" time="0">
    <failure type="java.lang.NullPointerException:">java.lang.NullPointerException: null
	at com.example.service.CalculateSimpleTest.tearDown(CalculateSimpleTest.java:206)
</failure>
  </testcase>
  <testcase name="borrarTest on borrarTest(com.example.service.CalculateSimpleTest)" classname="com.example.service.CalculateSimpleTest" time="0">
    <failure message="org/openqa/selenium/remote/SessionNotFoundException" type="java.lang.NoClassDefFoundError">java.lang.NoClassDefFoundError: org/openqa/selenium/remote/SessionNotFoundException
	at java.net.URLClassLoader.findClass(URLClassLoader.java:381)
	at java.lang.ClassLoader.loadClass(ClassLoader.java:424)
	at sun.misc.Launcher$AppClassLoader.loadClass(Launcher.java:331)
	at java.lang.ClassLoader.loadClass(ClassLoader.java:357)
	at com.example.service.CalculateSimpleTest.setUp(CalculateSimpleTest.java:33)
</failure>
  </testcase>
  <testcase name="borrarTest on borrarTest(com.example.service.CalculateSimpleTest)" classname="com.example.service.CalculateSimpleTest" time="0">
    <failure type="java.lang.NullPointerException:">java.lang.NullPointerException: null
	at com.example.service.CalculateSimpleTest.tearDown(CalculateSimpleTest.java:206)
</failure>
  </testcase>
</testsuite>